android/build/outputs/proguard/release/seeds.txt
com.ads.logic.color.android.AndroidLauncher
com.ads.logic.color.android.AndroidLauncher: AndroidLauncher()
com.ads.logic.color.android.R$attr
com.ads.logic.color.android.R$attr: R$attr()
com.ads.logic.color.android.R$color
com.ads.logic.color.android.R$color: int b_full
com.ads.logic.color.android.R$color: int bg
com.ads.logic.color.android.R$color: int f_b
com.ads.logic.color.android.R$color: int f_g
com.ads.logic.color.android.R$color: int f_l
com.ads.logic.color.android.R$color: int f_m
com.ads.logic.color.android.R$color: int f_s
com.ads.logic.color.android.R$color: int f_w
com.ads.logic.color.android.R$color: int f_xs
com.ads.logic.color.android.R$color: int g_gray
com.ads.logic.color.android.R$color: int g_green
com.ads.logic.color.android.R$color: int g_lorange
com.ads.logic.color.android.R$color: int g_orange
com.ads.logic.color.android.R$color: int highlight
com.ads.logic.color.android.R$color: int link
com.ads.logic.color.android.R$color: int list_border
com.ads.logic.color.android.R$color: int list_even
com.ads.logic.color.android.R$color: int list_light
com.ads.logic.color.android.R$color: int list_line
com.ads.logic.color.android.R$color: int strip
com.ads.logic.color.android.R$color: int transparent
com.ads.logic.color.android.R$color: int transparent2
com.ads.logic.color.android.R$color: int umipay_oauth_textcolor_normal
com.ads.logic.color.android.R$color: int umipay_oauth_textcolor_pressed
com.ads.logic.color.android.R$color: int widget_border
com.ads.logic.color.android.R$color: R$color()
com.ads.logic.color.android.R$drawable
com.ads.logic.color.android.R$drawable: int auth_title_back
com.ads.logic.color.android.R$drawable: int btn_back_nor
com.ads.logic.color.android.R$drawable: int btn_cancel_back
com.ads.logic.color.android.R$drawable: int data
com.ads.logic.color.android.R$drawable: int data_high
com.ads.logic.color.android.R$drawable: int data_low
com.ads.logic.color.android.R$drawable: int edittext_back
com.ads.logic.color.android.R$drawable: int gray_point
com.ads.logic.color.android.R$drawable: int ic_launcher
com.ads.logic.color.android.R$drawable: int img_cancel
com.ads.logic.color.android.R$drawable: int logo_wechat
com.ads.logic.color.android.R$drawable: int logo_wechatfavorite
com.ads.logic.color.android.R$drawable: int logo_wechatmoments
com.ads.logic.color.android.R$drawable: int mobilepayplugin
com.ads.logic.color.android.R$drawable: int share_vp_back
com.ads.logic.color.android.R$drawable: int ssdk_auth_title_back
com.ads.logic.color.android.R$drawable: int ssdk_back_arr
com.ads.logic.color.android.R$drawable: int ssdk_logo
com.ads.logic.color.android.R$drawable: int ssdk_oks_ptr_ptr
com.ads.logic.color.android.R$drawable: int ssdk_oks_shake_to_share_back
com.ads.logic.color.android.R$drawable: int ssdk_title_div
com.ads.logic.color.android.R$drawable: int title_back
com.ads.logic.color.android.R$drawable: int title_shadow
com.ads.logic.color.android.R$drawable: int umipay_btn_close
com.ads.logic.color.android.R$id
com.ads.logic.color.android.R$id: int umipay_base
com.ads.logic.color.android.R$id: int umipay_base_content
com.ads.logic.color.android.R$id: int umipay_loading_pregressbar
com.ads.logic.color.android.R$id: int umipay_loading_progress_ly
com.ads.logic.color.android.R$id: int umipay_loading_textview
com.ads.logic.color.android.R$id: int umipay_titlebar_layout
com.ads.logic.color.android.R$id: int umipay_titlebar_rightbtn
com.ads.logic.color.android.R$id: int umipay_titlebar_title
com.ads.logic.color.android.R$id: int umipay_webview_contentview
com.ads.logic.color.android.R$id: R$id()
com.ads.logic.color.android.R$layout
com.ads.logic.color.android.R$layout: int umipay_base
com.ads.logic.color.android.R$layout: int umipay_layout_webview
com.ads.logic.color.android.R$layout: int umipay_titlebar
com.ads.logic.color.android.R$layout: R$layout()
...
com.badlogic.gdx.utils.compression.rangecoder.Encoder
com.badlogic.gdx.utils.compression.rangecoder.Encoder: int kTopMask
com.badlogic.gdx.utils.compression.rangecoder.Encoder: int kNumBitModelTotalBits
com.badlogic.gdx.utils.compression.rangecoder.Encoder: int kBitModelTotal
com.badlogic.gdx.utils.compression.rangecoder.Encoder: int kNumMoveBits
com.badlogic.gdx.utils.compression.rangecoder.Encoder: java.io.OutputStream Stream
com.badlogic.gdx.utils.compression.rangecoder.Encoder: long Low
com.badlogic.gdx.utils.compression.rangecoder.Encoder: int Range
com.badlogic.gdx.utils.compression.rangecoder.Encoder: int _cacheSize
com.badlogic.gdx.utils.compression.rangecoder.Encoder: int _cache
com.badlogic.gdx.utils.compression.rangecoder.Encoder: long _position
com.badlogic.gdx.utils.compression.rangecoder.Encoder: int kNumMoveReducingBits
com.badlogic.gdx.utils.compression.rangecoder.Encoder: int kNumBitPriceShiftBits
com.badlogic.gdx.utils.compression.rangecoder.Encoder: int[] ProbPrices
com.badlogic.gdx.utils.compression.rangecoder.Encoder: Encoder()
com.badlogic.gdx.utils.compression.rangecoder.Encoder: void SetStream(java.io.OutputStream)
com.badlogic.gdx.utils.compression.rangecoder.Encoder: void ReleaseStream()
com.badlogic.gdx.utils.compression.rangecoder.Encoder: void Init()
com.badlogic.gdx.utils.compression.rangecoder.Encoder: void FlushData()
com.badlogic.gdx.utils.compression.rangecoder.Encoder: void FlushStream()
com.badlogic.gdx.utils.reflect.ArrayReflection
com.badlogic.gdx.utils.reflect.ArrayReflection: ArrayReflection()
com.badlogic.gdx.utils.reflect.ArrayReflection: java.lang.Object newInstance(java.lang.Class,int)
com.badlogic.gdx.utils.reflect.ArrayReflection: int getLength(java.lang.Object)
com.badlogic.gdx.utils.reflect.ArrayReflection: java.lang.Object get(java.lang.Object,int)
com.badlogic.gdx.utils.reflect.ArrayReflection: void set(java.lang.Object,int,java.lang.Object)
com.badlogic.gdx.utils.reflect.ClassReflection
com.badlogic.gdx.utils.reflect.ClassReflection: ClassReflection()
com.badlogic.gdx.utils.reflect.ClassReflection: java.lang.Class forName(java.lang.String)
com.badlogic.gdx.utils.reflect.ClassReflection: java.lang.String getSimpleName(java.lang.Class)
com.badlogic.gdx.utils.reflect.ClassReflection: boolean isInstance(java.lang.Class,java.lang.Object)
com.badlogic.gdx.utils.reflect.ClassReflection: boolean isAssignableFrom(java.lang.Class,java.lang.Class)
com.badlogic.gdx.utils.reflect.ClassReflection: boolean isMemberClass(java.lang.Class)
com.badlogic.gdx.utils.reflect.ClassReflection: boolean isStaticClass(java.lang.Class)
com.badlogic.gdx.utils.reflect.ClassReflection: java.lang.Object newInstance(java.lang.Class)
com.badlogic.gdx.utils.reflect.ClassReflection: com.badlogic.gdx.utils.reflect.Constructor[] getConstructors(java.lang.Class)
com.badlogic.gdx.utils.reflect.ClassReflection: com.badlogic.gdx.utils.reflect.Constructor getConstructor(java.lang.Class,java.lang.Class[])
com.badlogic.gdx.utils.reflect.ClassReflection: com.badlogic.gdx.utils.reflect.Constructor getDeclaredConstructor(java.lang.Class,java.lang.Class[])
com.badlogic.gdx.utils.reflect.ClassReflection: com.badlogic.gdx.utils.reflect.Method[] getMethods(java.lang.Class)
com.badlogic.gdx.utils.reflect.ClassReflection: com.badlogic.gdx.utils.reflect.Method getMethod(java.lang.Class,java.lang.String,java.lang.Class[])
com.badlogic.gdx.utils.reflect.Constructor
com.badlogic.gdx.utils.reflect.Constructor: java.lang.reflect.Constructor constructor
com.badlogic.gdx.utils.reflect.Constructor: Constructor(java.lang.reflect.Constructor)
com.badlogic.gdx.utils.reflect.Constructor: java.lang.Class[] getParameterTypes()
com.badlogic.gdx.utils.reflect.Constructor: java.lang.Class getDeclaringClass()
com.badlogic.gdx.utils.reflect.Constructor: boolean isAccessible()
com.badlogic.gdx.utils.reflect.Constructor: void setAccessible(boolean)
com.badlogic.gdx.utils.reflect.Constructor: java.lang.Object newInstance(java.lang.Object[])