android/build/outputs/proguard/release/mapping.txt
com.ads.logic.color.android.AndroidLauncher -> com.ads.logic.color.android.AndroidLauncher:
    int BUYSTARNUM -> a
    com.ads.logic.color.android.PEventImpl pEvent -> b
    boolean initFail -> c
    void onCreate(android.os.Bundle) -> onCreate
    void onBackPressed() -> onBackPressed
    boolean isNetwork() -> a
    void onInitCallback(int,java.lang.String) -> onInitCallback
    java.util.List onReceiveOrders(java.util.List) -> onReceiveOrders
    void loadGameConfig() -> b
com.ads.logic.color.android.AndroidLauncher$1 -> com.ads.logic.color.android.a:
    void onShowSuccess() -> onShowSuccess
    void onShowFailed() -> onShowFailed
com.ads.logic.color.android.AndroidLauncher$2 -> com.ads.logic.color.android.b:
    void OnPayProcess(int) -> OnPayProcess
com.ads.logic.color.android.AndroidLauncher$3 -> com.ads.logic.color.android.c:
    com.ads.logic.color.android.AndroidLauncher this$0 -> a
    void run() -> run
com.ads.logic.color.android.AndroidLauncher$3$1 -> com.ads.logic.color.android.d:
    void onClick(android.content.DialogInterface,int) -> onClick
com.ads.logic.color.android.PEventImpl -> com.ads.logic.color.android.e:
    java.lang.String adAtlasStr -> a
    java.io.File adAtlas -> b
    java.lang.String urlStr -> c
    java.io.File url -> d
    java.lang.String yybStr -> e
    java.io.File yyb -> f
    java.lang.String yybUrl -> g
    com.ads.logic.color.android.AndroidLauncher launcher -> h
    java.lang.String title -> i
    android.app.ProgressDialog progressDialog -> j
    android.os.Handler handler -> k
    java.lang.String gameLogoImage -> l
    java.lang.String TITLE -> m
    void openNetworkFailDlg() -> j
    void pay() -> a
    void exit(com.ads.logic.color.screen.MainScreen) -> a
    void save() -> f
    void about() -> g
    void netSlowInfo() -> h
    void sos(com.ads.logic.color.screen.GameScreen) -> a
    void invalidateSos() -> b
    void resetGame() -> c
    void share() -> d
    void install$4052aa3(android.support.v4.util.DebugUtils) -> a
    boolean isNetworkEnable() -> e
    boolean isConnect2Net(android.content.Context) -> a
    void showShare() -> k
    java.io.File downLoadFile(java.lang.String) -> a
    void getObjectWithDestFile(com.baidu.inf.iis.bcs.BaiduBCS,java.lang.String,java.io.File) -> a
    java.lang.String access$000(com.ads.logic.color.android.PEventImpl) -> a
    com.ads.logic.color.android.AndroidLauncher access$100(com.ads.logic.color.android.PEventImpl) -> b
    void access$200(com.ads.logic.color.android.PEventImpl,int,int) -> a
com.ads.logic.color.android.PEventImpl$1 -> com.ads.logic.color.android.f:
    com.ads.logic.color.android.PEventImpl this$0 -> a
    void run() -> run
com.ads.logic.color.android.PEventImpl$1$1 -> com.ads.logic.color.android.g:
    void onClick(android.content.DialogInterface,int) -> onClick
com.ads.logic.color.android.PEventImpl$10 -> com.ads.logic.color.android.h:
    com.ads.logic.color.android.PEventImpl this$0 -> a
    void run() -> run
com.ads.logic.color.android.PEventImpl$11 -> com.ads.logic.color.android.i:
    com.ads.logic.color.android.PEventImpl this$0 -> a
    void run() -> run
com.ads.logic.color.android.PEventImpl$2 -> com.ads.logic.color.android.j:
    com.ads.logic.color.android.PEventImpl this$0 -> a
    void run() -> run
com.ads.logic.color.android.PEventImpl$2$1 -> com.ads.logic.color.android.k:
    void onClick(android.content.DialogInterface,int) -> onClick
com.ads.logic.color.android.PEventImpl$2$2 -> com.ads.logic.color.android.l:
    com.ads.logic.color.android.PEventImpl$2 this$1 -> a
    void onClick(android.content.DialogInterface,int) -> onClick
com.ads.logic.color.android.PEventImpl$3 -> com.ads.logic.color.android.m:
    com.ads.logic.color.screen.MainScreen val$ms -> a
    com.ads.logic.color.android.PEventImpl this$0 -> b
    void run() -> run
...
com.badlogic.gdx.jnigen.parsing.JavaMethodParser$ArgumentType -> com.badlogic.gdx.jnigen.parsing.JavaMethodParser$ArgumentType:
    com.badlogic.gdx.jnigen.parsing.JavaMethodParser$ArgumentType Boolean -> Boolean
    com.badlogic.gdx.jnigen.parsing.JavaMethodParser$ArgumentType Byte -> Byte
    com.badlogic.gdx.jnigen.parsing.JavaMethodParser$ArgumentType Char -> Char
    com.badlogic.gdx.jnigen.parsing.JavaMethodParser$ArgumentType Short -> Short
    com.badlogic.gdx.jnigen.parsing.JavaMethodParser$ArgumentType Integer -> Integer
    com.badlogic.gdx.jnigen.parsing.JavaMethodParser$ArgumentType Long -> Long
    com.badlogic.gdx.jnigen.parsing.JavaMethodParser$ArgumentType Float -> Float
    com.badlogic.gdx.jnigen.parsing.JavaMethodParser$ArgumentType Double -> Double
    com.badlogic.gdx.jnigen.parsing.JavaMethodParser$ArgumentType Buffer -> Buffer
    com.badlogic.gdx.jnigen.parsing.JavaMethodParser$ArgumentType ByteBuffer -> ByteBuffer
    com.badlogic.gdx.jnigen.parsing.JavaMethodParser$ArgumentType CharBuffer -> CharBuffer
    com.badlogic.gdx.jnigen.parsing.JavaMethodParser$ArgumentType ShortBuffer -> ShortBuffer
    com.badlogic.gdx.jnigen.parsing.JavaMethodParser$ArgumentType IntBuffer -> IntBuffer
    com.badlogic.gdx.jnigen.parsing.JavaMethodParser$ArgumentType LongBuffer -> LongBuffer
    com.badlogic.gdx.jnigen.parsing.JavaMethodParser$ArgumentType FloatBuffer -> FloatBuffer
com.badlogic.gdx.jnigen.parsing.JavaMethodParser$JavaMethod -> com.badlogic.gdx.jnigen.parsing.JavaMethodParser$JavaMethod:
    java.lang.String className -> className
    java.lang.String name -> name
    boolean isStatic -> isStatic
    boolean isManual -> isManual
    java.lang.String returnType -> returnType
    java.lang.String nativeCode -> nativeCode
    java.util.ArrayList arguments -> arguments
    boolean hasDisposableArgument -> hasDisposableArgument
    int startIndex -> startIndex
    int endIndex -> endIndex
    java.lang.String getName() -> getName
    boolean isStatic() -> isStatic
    void setManual(boolean) -> setManual
    boolean isManual() -> isManual
    java.lang.String getReturnType() -> getReturnType
    java.lang.String getNativeCode() -> getNativeCode
    void setNativeCode(java.lang.String) -> setNativeCode
    java.util.ArrayList getArguments() -> getArguments
    boolean hasDisposableArgument() -> hasDisposableArgument
    int getStartIndex() -> getStartIndex
    int getEndIndex() -> getEndIndex
    java.lang.CharSequence getClassName() -> getClassName
    java.lang.String toString() -> toString
com.badlogic.gdx.jnigen.parsing.JavaMethodParser$JavaSegment -> com.badlogic.gdx.jnigen.parsing.JavaMethodParser$JavaSegment:
    int getStartIndex() -> getStartIndex
    int getEndIndex() -> getEndIndex
com.badlogic.gdx.jnigen.parsing.JavaMethodParser$JniSection -> com.badlogic.gdx.jnigen.parsing.JavaMethodParser$JniSection:
    java.lang.String nativeCode -> nativeCode
    int startIndex -> startIndex
    int endIndex -> endIndex
    java.lang.String getNativeCode() -> getNativeCode
    void setNativeCode(java.lang.String) -> setNativeCode
    int getStartIndex() -> getStartIndex
    int getEndIndex() -> getEndIndex
    java.lang.String toString() -> toString
com.badlogic.gdx.jnigen.parsing.JniHeaderCMethodParser -> com.badlogic.gdx.jnigen.parsing.JniHeaderCMethodParser:
    java.lang.String C_METHOD_MARKER -> C_METHOD_MARKER
    com.badlogic.gdx.jnigen.parsing.CMethodParser$CMethodParserResult parse(java.lang.String) -> parse
    com.badlogic.gdx.jnigen.parsing.CMethodParser$CMethod parseCMethod(java.lang.String,int) -> parseCMethod