android/build/outputs/proguard/release/usage.txt
com.ads.logic.color.android.BuildConfig
com.ads.logic.color.android.PEventImpl:
    private static final java.lang.String host
    private static final java.lang.String accessKey
    private static final java.lang.String secretKey
    private static final java.lang.String bucket
    private static final java.lang.String path
    private static final java.lang.String adsUrl
    private static final java.lang.String gameUrl
    public static final java.lang.String SHARE_TITLE
    public static final java.lang.String SHARE_TEXT
com.ads.logic.color.android.R:
    10:159:public R()
...
com.esotericsoftware.tablelayout.Cell:
    129:129:public boolean hasWidget()
    134:140:public com.esotericsoftware.tablelayout.Cell size(com.esotericsoftware.tablelayout.Value)
    145:151:public com.esotericsoftware.tablelayout.Cell size(com.esotericsoftware.tablelayout.Value,com.esotericsoftware.tablelayout.Value)
    156:157:public com.esotericsoftware.tablelayout.Cell size(float)
    162:163:public com.esotericsoftware.tablelayout.Cell size(float,float)
    168:171:public com.esotericsoftware.tablelayout.Cell width(com.esotericsoftware.tablelayout.Value)
    176:177:public com.esotericsoftware.tablelayout.Cell width(float)
    182:185:public com.esotericsoftware.tablelayout.Cell height(com.esotericsoftware.tablelayout.Value)
    190:191:public com.esotericsoftware.tablelayout.Cell height(float)
    196:198:public com.esotericsoftware.tablelayout.Cell minSize(com.esotericsoftware.tablelayout.Value)
    203:205:public com.esotericsoftware.tablelayout.Cell minSize(com.esotericsoftware.tablelayout.Value,com.esotericsoftware.tablelayout.Value)
    209:210:public com.esotericsoftware.tablelayout.Cell minWidth(com.esotericsoftware.tablelayout.Value)
    214:215:public com.esotericsoftware.tablelayout.Cell minHeight(com.esotericsoftware.tablelayout.Value)
    220:222:public com.esotericsoftware.tablelayout.Cell minSize(float)
    227:229:public com.esotericsoftware.tablelayout.Cell minSize(float,float)
    233:234:public com.esotericsoftware.tablelayout.Cell minWidth(float)
com.esotericsoftware.tablelayout.Value:
    172:172:public static com.esotericsoftware.tablelayout.Value percentWidth(float)
    181:181:public static com.esotericsoftware.tablelayout.Value percentHeight(float)
    190:190:public static com.esotericsoftware.tablelayout.Value percentWidth(float,java.lang.Object)
    203:203:public static com.esotericsoftware.tablelayout.Value percentHeight(float,java.lang.Object)
com.esotericsoftware.tablelayout.Value$10
com.esotericsoftware.tablelayout.Value$11
com.esotericsoftware.tablelayout.Value$8
com.esotericsoftware.tablelayout.Value$9
com.esotericsoftware.tablelayout.Value$FixedValue:
    98:99:public void set(float)
com.esotericsoftware.tablelayout.Value$TableValue
japa.parser.ASTHelper
japa.parser.ASTParser:
    9790:9791:public ASTParser(java.io.InputStream)
    9814:9815:public void ReInit(java.io.InputStream)
    9735:9998:public ASTParser(java.io.Reader)
    9853:9864:public void ReInit(java.io.Reader)
    9735:9998:public ASTParser(japa.parser.ASTParserTokenManager)
    9882:9892:public void ReInit(japa.parser.ASTParserTokenManager)
    9961:9968:public final japa.parser.Token getNextToken()
    10079:10079:public final void enable_tracing()
    10083:10083:public final void disable_tracing()